\BOOKMARK [1][-]{section.1}{Introduction}{}% 1
\BOOKMARK [1][-]{section.2}{Architecture Requirements}{}% 2
\BOOKMARK [2][-]{subsection.2.1}{Architectural scope}{section.2}% 3
\BOOKMARK [2][-]{subsection.2.2}{Quality Requirements}{section.2}% 4
\BOOKMARK [3][-]{subsubsection.2.2.1}{Usability}{subsection.2.2}% 5
\BOOKMARK [3][-]{subsubsection.2.2.2}{Performance}{subsection.2.2}% 6
\BOOKMARK [3][-]{subsubsection.2.2.3}{Availability}{subsection.2.2}% 7
\BOOKMARK [3][-]{subsubsection.2.2.4}{Scalability}{subsection.2.2}% 8
\BOOKMARK [3][-]{subsubsection.2.2.5}{Reliability}{subsection.2.2}% 9
\BOOKMARK [3][-]{subsubsection.2.2.6}{Testability}{subsection.2.2}% 10
\BOOKMARK [3][-]{subsubsection.2.2.7}{Security}{subsection.2.2}% 11
\BOOKMARK [3][-]{subsubsection.2.2.8}{Extensibility}{subsection.2.2}% 12
\BOOKMARK [2][-]{subsection.2.3}{Integration and Access Channel Requirements}{section.2}% 13
\BOOKMARK [2][-]{subsection.2.4}{Architectural Constraints}{section.2}% 14
\BOOKMARK [1][-]{section.3}{Architectural Patterns or Styles}{}% 15
\BOOKMARK [1][-]{section.4}{Architectural Tactics or Strategies}{}% 16
\BOOKMARK [1][-]{section.5}{Use of Reference Architectures and Frameworks}{}% 17
\BOOKMARK [1][-]{section.6}{Access and Integration Channels}{}% 18
\BOOKMARK [2][-]{subsubsection.6.0.1}{Huamn access channels }{section.6}% 19
\BOOKMARK [3][-]{subsubsection.6.0.2}{System access channels }{subsubsection.6.0.1}% 20
\BOOKMARK [3][-]{subsubsection.6.0.3}{Integration channels }{subsubsection.6.0.1}% 21
\BOOKMARK [1][-]{section.7}{Technologies}{}% 22
\BOOKMARK [1][-]{section.8}{References}{}% 23
